<?xml version="1.0" encoding="UTF-8"?>
<!-- Generated by org.testng.reporters.JUnitXMLReporter -->
<testsuite ignored="0" hostname="Gulshan" failures="0" tests="5" name="Test" time="0.042" errors="0" timestamp="31 May 2024 05:37:46 GMT">
  <testcase classname="cmd.contactTest.ContactTest" name="createContact" time="0.01"/>
  <testcase classname="cmd.contactTest.ContactTest" name="deleteContact" time="0.001"/>
  <testcase classname="cmd.contactTest.ContactTest" name="modifyContact" time="0.0"/>
  <testcase classname="cmd.OrgTest.OrgTest" name="createOrg" time="0.002"/>
  <testcase classname="cmd.OrgTest.OrgTest" name="modifyOrg" time="0.001"/>
</testsuite> <!-- Test -->
