<?xml version="1.0" encoding="UTF-8"?>
<!-- Generated by org.testng.reporters.JUnitXMLReporter -->
<testsuite ignored="0" hostname="Gulshan" failures="0" tests="3" name="Default test" time="0.045" errors="0" timestamp="19 Jun 2024 18:21:25 GMT">
  <testcase classname="cmd.contactTest.ContactTest" name="createContact" time="0.014"/>
  <testcase classname="cmd.contactTest.ContactTest" name="deleteContact" time="0.001"/>
  <testcase classname="cmd.contactTest.ContactTest" name="modifyContact" time="0.002"/>
</testsuite> <!-- Default test -->
